<?xml version="1.0" encoding="UTF-8"?>
<testng-results ignored="0" total="1" passed="1" failed="0" skipped="0">
  <reporter-output>
  </reporter-output>
  <suite started-at="2021-05-28T21:57:14 IST" name="Default suite" finished-at="2021-05-28T21:57:22 IST" duration-ms="8551">
    <groups>
    </groups>
    <test started-at="2021-05-28T21:57:14 IST" name="Default test" finished-at="2021-05-28T21:57:22 IST" duration-ms="8551">
      <class name="Phase1.GET_Request_ValidateReponse">
        <test-method signature="Get_API_Response_1()[pri:0, instance:Phase1.GET_Request_ValidateReponse@740773a3]" started-at="2021-05-28T21:57:14 IST" name="Get_API_Response_1" finished-at="2021-05-28T21:57:22 IST" duration-ms="8445" status="PASS">
          <reporter-output>
          </reporter-output>
        </test-method> <!-- Get_API_Response_1 -->
      </class> <!-- Phase1.GET_Request_ValidateReponse -->
    </test> <!-- Default test -->
  </suite> <!-- Default suite -->
</testng-results>
